<?xml version="1.0" encoding="UTF-8"?>
<!-- Generated by org.testng.reporters.JUnitXMLReporter -->
<testsuite ignored="0" hostname="DESKTOP-BR7449R" failures="1" tests="3" name="Default test" time="29.794" errors="0" timestamp="2026-08-29T21:22:26 IST">
  <testcase classname="com.ecommerce.tests.SearchTest" name="verifyGoogleSearch" time="4.398"/>
  <testcase classname="com.ecommerce.tests.SearchTest" name="verifyGoogleSearch" time="4.138"/>
  <testcase classname="com.ecommerce.tests.SearchTest" name="verifyGoogleSearch" time="12.337">
    <failure type="org.openqa.selenium.TimeoutException" message="Expected condition failed: waiting for title to contain &amp;quot;running shoes&amp;quot;. Current title: &amp;quot;https://www.google.com/search?q=running+shoes&amp;amp;sca_esv=936fc7d1f21905e6&amp;amp;source=hp&amp;amp;ei=LgCTao_WDefj2roPxJrEoQQ&amp;amp;iflsig=ABILxe8AAAAAapMOPrde3UbsJOXevlZZb0ot3x7phWHz&amp;amp;ved=0ahUKEwiPpYXsmMaWAxXnsVYBHUQNMUQQ4dUDCB4&amp;amp;uact=5&amp;amp;oq=running+shoes&amp;amp;gs_lp=Egdnd3Mtd2l6Ig1ydW5uaW5nIHNob2VzMggQABiABBixAzIIEAAYgAQYsQMyCBAAGIAEGLEDMgUQABiABDIFEAAYgAQyBRAAGIAEMgUQABiABDIFEAAYgAQyBRAAGIAEMggQABiABBixA0ipAlAAWGZwAHgAkAEAmAGWAaABhgSqAQMxLjO4AQPIAQD4AQGYAgSgAroEmAMAkgcDMC40oAfZFLIHAzAuNLgHugTCBwUyLTMuMcgHJIAIAQ&amp;amp;sclient=gws-wiz&amp;amp;sei=MACTao2CF8aX4-EPgtjLyA0&amp;quot; (tried for 10 second(s) with 500 milliseconds interval)
Build info: version: &amp;apos;4.23.0&amp;apos;, revision: &amp;apos;4df0a231af&amp;apos;
System info: os.name: &amp;apos;Windows 11&amp;apos;, os.arch: &amp;apos;amd64&amp;apos;, os.version: &amp;apos;10.0&amp;apos;, java.version: &amp;apos;25.0.3&amp;apos;
Driver info: org.openqa.selenium.chrome.ChromeDriver
Capabilities {acceptInsecureCerts: false, browserName: chrome, browserVersion: 151.0.7922.174, chrome: {chromedriverVersion: 151.0.7922.138 (41fa8244239..., userDataDir: C:\Users\LENOVO\AppData\Loc...}, fedcm:accounts: true, goog:chromeOptions: {debuggerAddress: localhost:52550}, goog:processID: 16028, networkConnectionEnabled: false, pageLoadStrategy: normal, platformName: windows, proxy: Proxy(), se:cdp: ws://localhost:52550/devtoo..., se:cdpVersion: 151.0.7922.174, setWindowRect: true, strictFileInteractability: false, timeouts: {implicit: 0, pageLoad: 300000, script: 30000}, unhandledPromptBehavior: dismiss and notify, webauthn:extension:credBlob: true, webauthn:extension:largeBlob: true, webauthn:extension:minPinLength: true, webauthn:extension:prf: true, webauthn:virtualAuthenticators: true}
Session ID: 2660a2513a0b69b6b5f7bf95d6fc479b">
      <![CDATA[org.openqa.selenium.TimeoutException: Expected condition failed: waiting for title to contain "running shoes". Current title: "https://www.google.com/search?q=running+shoes&sca_esv=936fc7d1f21905e6&source=hp&ei=LgCTao_WDefj2roPxJrEoQQ&iflsig=ABILxe8AAAAAapMOPrde3UbsJOXevlZZb0ot3x7phWHz&ved=0ahUKEwiPpYXsmMaWAxXnsVYBHUQNMUQQ4dUDCB4&uact=5&oq=running+shoes&gs_lp=Egdnd3Mtd2l6Ig1ydW5uaW5nIHNob2VzMggQABiABBixAzIIEAAYgAQYsQMyCBAAGIAEGLEDMgUQABiABDIFEAAYgAQyBRAAGIAEMgUQABiABDIFEAAYgAQyBRAAGIAEMggQABiABBixA0ipAlAAWGZwAHgAkAEAmAGWAaABhgSqAQMxLjO4AQPIAQD4AQGYAgSgAroEmAMAkgcDMC40oAfZFLIHAzAuNLgHugTCBwUyLTMuMcgHJIAIAQ&sclient=gws-wiz&sei=MACTao2CF8aX4-EPgtjLyA0" (tried for 10 second(s) with 500 milliseconds interval)
Build info: version: '4.23.0', revision: '4df0a231af'
System info: os.name: 'Windows 11', os.arch: 'amd64', os.version: '10.0', java.version: '25.0.3'
Driver info: org.openqa.selenium.chrome.ChromeDriver
Capabilities {acceptInsecureCerts: false, browserName: chrome, browserVersion: 151.0.7922.174, chrome: {chromedriverVersion: 151.0.7922.138 (41fa8244239..., userDataDir: C:\Users\LENOVO\AppData\Loc...}, fedcm:accounts: true, goog:chromeOptions: {debuggerAddress: localhost:52550}, goog:processID: 16028, networkConnectionEnabled: false, pageLoadStrategy: normal, platformName: windows, proxy: Proxy(), se:cdp: ws://localhost:52550/devtoo..., se:cdpVersion: 151.0.7922.174, setWindowRect: true, strictFileInteractability: false, timeouts: {implicit: 0, pageLoad: 300000, script: 30000}, unhandledPromptBehavior: dismiss and notify, webauthn:extension:credBlob: true, webauthn:extension:largeBlob: true, webauthn:extension:minPinLength: true, webauthn:extension:prf: true, webauthn:virtualAuthenticators: true}
Session ID: 2660a2513a0b69b6b5f7bf95d6fc479b
at org.openqa.selenium.support.ui.WebDriverWait.timeoutException(WebDriverWait.java:84)
at org.openqa.selenium.support.ui.FluentWait.until(FluentWait.java:228)
at com.ecommerce.tests.SearchTest.verifyGoogleSearch(SearchTest.java:35)
at java.base/jdk.internal.reflect.DirectMethodHandleAccessor.invoke(DirectMethodHandleAccessor.java:104)
at java.base/java.lang.reflect.Method.invoke(Method.java:565)
at org.testng.internal.invokers.MethodInvocationHelper.invokeMethod(MethodInvocationHelper.java:141)
at org.testng.internal.invokers.TestInvoker.invokeMethod(TestInvoker.java:686)
at org.testng.internal.invokers.TestInvoker.invokeTestMethod(TestInvoker.java:230)
at org.testng.internal.invokers.MethodRunner.runInSequence(MethodRunner.java:63)
at org.testng.internal.invokers.TestInvoker$MethodInvocationAgent.invoke(TestInvoker.java:992)
at org.testng.internal.invokers.TestInvoker.invokeTestMethods(TestInvoker.java:203)
at org.testng.internal.invokers.TestMethodWorker.invokeTestMethods(TestMethodWorker.java:154)
at org.testng.internal.invokers.TestMethodWorker.run(TestMethodWorker.java:134)
at java.base/java.util.ArrayList.forEach(ArrayList.java:1604)
at org.testng.TestRunner.privateRun(TestRunner.java:739)
at org.testng.TestRunner.run(TestRunner.java:614)
at org.testng.SuiteRunner.runTest(SuiteRunner.java:421)
at org.testng.SuiteRunner.runSequentially(SuiteRunner.java:413)
at org.testng.SuiteRunner.privateRun(SuiteRunner.java:373)
at org.testng.SuiteRunner.run(SuiteRunner.java:312)
at org.testng.SuiteRunnerWorker.runSuite(SuiteRunnerWorker.java:52)
at org.testng.SuiteRunnerWorker.run(SuiteRunnerWorker.java:95)
at org.testng.TestNG.runSuitesSequentially(TestNG.java:1274)
at org.testng.TestNG.runSuitesLocally(TestNG.java:1208)
at org.testng.TestNG.runSuites(TestNG.java:1112)
at org.testng.TestNG.run(TestNG.java:1079)
at org.testng.remote.AbstractRemoteTestNG.run(AbstractRemoteTestNG.java:115)
at org.testng.remote.RemoteTestNG.initAndRun(RemoteTestNG.java:293)
at org.testng.remote.RemoteTestNG.main(RemoteTestNG.java:91)
]]>
    </failure>
  </testcase> <!-- verifyGoogleSearch -->
</testsuite> <!-- Default test -->
