<?xml version="1.0" encoding="UTF-8"?>
<!-- Generated by org.testng.reporters.JUnitXMLReporter -->
<testsuite ignored="0" hostname="DESKTOP-BR7449R" failures="1" tests="4" name="Google Tests" time="22.567" errors="0" timestamp="2026-09-03T22:18:53 IST">
  <testcase classname="com.ecommerce.tests.SearchTest" name="verifyGoogleSearch" time="2.098"/>
  <testcase classname="com.ecommerce.tests.SearchTest" name="verifyGoogleSearch" time="2.126"/>
  <testcase classname="com.ecommerce.tests.SearchTest" name="verifyGoogleSearch" time="11.075">
    <failure type="org.openqa.selenium.TimeoutException" message="Expected condition failed: waiting for title to contain &amp;quot;running shoes&amp;quot;. Current title: &amp;quot;https://www.google.com/search?q=running+shoes&amp;amp;sca_esv=daafaa10f68735e4&amp;amp;sxsrf=APpeQnt7Zl3D3AzIxsUQEDfepPOPR_vtjw%3A1788454118887&amp;amp;source=hp&amp;amp;ei=5qSZavLWNPeghvcPzu3umAs&amp;amp;iflsig=ABILxe8AAAAAapmy9kXMjAFb4QNDlnhHSuqnjOArfDbZ&amp;amp;sei=56SZatKqJPqkhvcPx67uoA4&amp;quot;.
(tried for 10 seconds with 500 milliseconds interval)
Build info: version: &amp;apos;4.48.0&amp;apos;, revision: &amp;apos;27f5213 27f5213055e28398a5105b7892b7a3bb2012a6ef&amp;apos;
System info: os.name: &amp;apos;Windows 11&amp;apos;, os.arch: &amp;apos;amd64&amp;apos;, os.version: &amp;apos;10.0&amp;apos;, java.version: &amp;apos;25.0.3&amp;apos;
Driver info: org.openqa.selenium.chrome.ChromeDriver
Capabilities {acceptInsecureCerts: false, browserName: chrome, browserVersion: 151.0.7922.174, chrome: {chromedriverVersion: 151.0.7922.138 (41fa8244239..., userDataDir: C:\Users\LENOVO\AppData\Loc...}, fedcm:accounts: true, goog:chromeOptions: {debuggerAddress: localhost:61850}, goog:processID: 29024, networkConnectionEnabled: false, pageLoadStrategy: normal, platformName: windows, proxy: Proxy(), se:cdp: ws://localhost:61850/devtoo..., se:cdpVersion: 151.0.7922.174, setWindowRect: true, strictFileInteractability: false, timeouts: {implicit: 0, pageLoad: 300000, script: 30000}, unhandledPromptBehavior: dismiss and notify, webauthn:extension:credBlob: true, webauthn:extension:largeBlob: true, webauthn:extension:minPinLength: true, webauthn:extension:prf: true, webauthn:virtualAuthenticators: true}
Session ID: b31f8df41dde9177590f0a9e249b690c">
      <![CDATA[org.openqa.selenium.TimeoutException: Expected condition failed: waiting for title to contain "running shoes". Current title: "https://www.google.com/search?q=running+shoes&sca_esv=daafaa10f68735e4&sxsrf=APpeQnt7Zl3D3AzIxsUQEDfepPOPR_vtjw%3A1788454118887&source=hp&ei=5qSZavLWNPeghvcPzu3umAs&iflsig=ABILxe8AAAAAapmy9kXMjAFb4QNDlnhHSuqnjOArfDbZ&sei=56SZatKqJPqkhvcPx67uoA4".
(tried for 10 seconds with 500 milliseconds interval)
Build info: version: '4.48.0', revision: '27f5213 27f5213055e28398a5105b7892b7a3bb2012a6ef'
System info: os.name: 'Windows 11', os.arch: 'amd64', os.version: '10.0', java.version: '25.0.3'
Driver info: org.openqa.selenium.chrome.ChromeDriver
Capabilities {acceptInsecureCerts: false, browserName: chrome, browserVersion: 151.0.7922.174, chrome: {chromedriverVersion: 151.0.7922.138 (41fa8244239..., userDataDir: C:\Users\LENOVO\AppData\Loc...}, fedcm:accounts: true, goog:chromeOptions: {debuggerAddress: localhost:61850}, goog:processID: 29024, networkConnectionEnabled: false, pageLoadStrategy: normal, platformName: windows, proxy: Proxy(), se:cdp: ws://localhost:61850/devtoo..., se:cdpVersion: 151.0.7922.174, setWindowRect: true, strictFileInteractability: false, timeouts: {implicit: 0, pageLoad: 300000, script: 30000}, unhandledPromptBehavior: dismiss and notify, webauthn:extension:credBlob: true, webauthn:extension:largeBlob: true, webauthn:extension:minPinLength: true, webauthn:extension:prf: true, webauthn:virtualAuthenticators: true}
Session ID: b31f8df41dde9177590f0a9e249b690c
at org.openqa.selenium.support.ui.WebDriverWait.timeoutException(WebDriverWait.java:85)
at org.openqa.selenium.support.ui.FluentWait.until(FluentWait.java:234)
at com.ecommerce.tests.SearchTest.verifyGoogleSearch(SearchTest.java:35)
at java.base/java.util.ArrayList.forEach(ArrayList.java:1604)
... Removed 25 stack frames]]>
    </failure>
  </testcase> <!-- verifyGoogleSearch -->
  <testcase classname="com.ecommerce.tests.ClickTest" name="verifyGmailLinkClick" time="2.041"/>
</testsuite> <!-- Google Tests -->
