<?xml version="1.0" encoding="UTF-8"?>
<!-- Generated by org.testng.reporters.JUnitXMLReporter -->
<testsuite ignored="0" hostname="DESKTOP-BR7449R" failures="1" tests="4" name="Google Tests" time="22.49" errors="0" timestamp="2026-09-03T22:59:00 IST">
  <testcase classname="com.ecommerce.tests.SearchTest" name="verifyGoogleSearch" time="2.79"/>
  <testcase classname="com.ecommerce.tests.SearchTest" name="verifyGoogleSearch" time="2.465"/>
  <testcase classname="com.ecommerce.tests.SearchTest" name="verifyGoogleSearch" time="11.218">
    <failure type="org.openqa.selenium.TimeoutException" message="Expected condition failed: waiting for title to contain &amp;quot;running shoes&amp;quot;. Current title: &amp;quot;https://www.google.com/search?q=running+shoes&amp;amp;sca_esv=daafaa10f68735e4&amp;amp;sxsrf=APpeQnvPFeFJ8X96t7pYxm4HM9T7pbYYew%3A1788456527060&amp;amp;source=hp&amp;amp;ei=T66ZarWjAuOsseMPmdPjgA0&amp;amp;iflsig=ABILxe8AAAAAapm8X6_cft0WcdsizhhHOrBSyF0-yIf2&amp;amp;sei=T66Zaqj_NqTlseMPu7ToqAc&amp;quot;.
(tried for 10 seconds with 500 milliseconds interval)
Build info: version: &amp;apos;4.48.0&amp;apos;, revision: &amp;apos;27f5213 27f5213055e28398a5105b7892b7a3bb2012a6ef&amp;apos;
System info: os.name: &amp;apos;Windows 11&amp;apos;, os.arch: &amp;apos;amd64&amp;apos;, os.version: &amp;apos;10.0&amp;apos;, java.version: &amp;apos;25.0.3&amp;apos;
Driver info: org.openqa.selenium.chrome.ChromeDriver
Capabilities {acceptInsecureCerts: false, browserName: chrome, browserVersion: 151.0.7922.174, chrome: {chromedriverVersion: 151.0.7922.138 (41fa8244239..., userDataDir: C:\Users\LENOVO\AppData\Loc...}, fedcm:accounts: true, goog:chromeOptions: {debuggerAddress: localhost:62983}, goog:processID: 20596, networkConnectionEnabled: false, pageLoadStrategy: normal, platformName: windows, proxy: Proxy(), se:cdp: ws://localhost:62983/devtoo..., se:cdpVersion: 151.0.7922.174, setWindowRect: true, strictFileInteractability: false, timeouts: {implicit: 0, pageLoad: 300000, script: 30000}, unhandledPromptBehavior: dismiss and notify, webauthn:extension:credBlob: true, webauthn:extension:largeBlob: true, webauthn:extension:minPinLength: true, webauthn:extension:prf: true, webauthn:virtualAuthenticators: true}
Session ID: bc9fa2555e579afd6f9ea43fc96fa026">
      <![CDATA[org.openqa.selenium.TimeoutException: Expected condition failed: waiting for title to contain "running shoes". Current title: "https://www.google.com/search?q=running+shoes&sca_esv=daafaa10f68735e4&sxsrf=APpeQnvPFeFJ8X96t7pYxm4HM9T7pbYYew%3A1788456527060&source=hp&ei=T66ZarWjAuOsseMPmdPjgA0&iflsig=ABILxe8AAAAAapm8X6_cft0WcdsizhhHOrBSyF0-yIf2&sei=T66Zaqj_NqTlseMPu7ToqAc".
(tried for 10 seconds with 500 milliseconds interval)
Build info: version: '4.48.0', revision: '27f5213 27f5213055e28398a5105b7892b7a3bb2012a6ef'
System info: os.name: 'Windows 11', os.arch: 'amd64', os.version: '10.0', java.version: '25.0.3'
Driver info: org.openqa.selenium.chrome.ChromeDriver
Capabilities {acceptInsecureCerts: false, browserName: chrome, browserVersion: 151.0.7922.174, chrome: {chromedriverVersion: 151.0.7922.138 (41fa8244239..., userDataDir: C:\Users\LENOVO\AppData\Loc...}, fedcm:accounts: true, goog:chromeOptions: {debuggerAddress: localhost:62983}, goog:processID: 20596, networkConnectionEnabled: false, pageLoadStrategy: normal, platformName: windows, proxy: Proxy(), se:cdp: ws://localhost:62983/devtoo..., se:cdpVersion: 151.0.7922.174, setWindowRect: true, strictFileInteractability: false, timeouts: {implicit: 0, pageLoad: 300000, script: 30000}, unhandledPromptBehavior: dismiss and notify, webauthn:extension:credBlob: true, webauthn:extension:largeBlob: true, webauthn:extension:minPinLength: true, webauthn:extension:prf: true, webauthn:virtualAuthenticators: true}
Session ID: bc9fa2555e579afd6f9ea43fc96fa026
at org.openqa.selenium.support.ui.WebDriverWait.timeoutException(WebDriverWait.java:85)
at org.openqa.selenium.support.ui.FluentWait.until(FluentWait.java:234)
at com.ecommerce.tests.SearchTest.verifyGoogleSearch(SearchTest.java:35)
at java.base/java.util.ArrayList.forEach(ArrayList.java:1604)
... Removed 25 stack frames]]>
    </failure>
  </testcase> <!-- verifyGoogleSearch -->
  <testcase classname="com.ecommerce.tests.ApiDemoTest" name="verifyGetUserApi" time="1.983"/>
</testsuite> <!-- Google Tests -->
