<?xml version="1.0" encoding="UTF-8"?>
<!-- Generated by org.testng.reporters.JUnitXMLReporter -->
<testsuite ignored="4" hostname="DESKTOP-BR7449R" failures="2" tests="5" name="Regression Tests" time="13.771" errors="0" timestamp="2026-08-27T19:49:57 IST">
  <testcase classname="com.ecommerce.tests.LoginTest" name="testValidLogin" time="0.941"/>
  <testcase classname="com.ecommerce.tests.DataDrivenLoginTest" name="testLogins" time="0.854"/>
  <testcase classname="com.ecommerce.tests.DataDrivenLoginTest" name="testLogins" time="0.838">
    <failure type="java.lang.AssertionError" message="Login failed for user: locked_out_user expected [true] but found [false]">
      <![CDATA[java.lang.AssertionError: Login failed for user: locked_out_user expected [true] but found [false]
at com.ecommerce.tests.DataDrivenLoginTest.testLogins(DataDrivenLoginTest.java:38)
at java.base/java.util.ArrayList.forEach(ArrayList.java:1604)
... Removed 28 stack frames]]>
    </failure>
  </testcase> <!-- testLogins -->
  <testcase classname="com.ecommerce.tests.DataDrivenLoginTest" name="testLogins" time="0.768">
    <failure type="java.lang.AssertionError" message="Login failed for user: invalid_user expected [true] but found [false]">
      <![CDATA[java.lang.AssertionError: Login failed for user: invalid_user expected [true] but found [false]
at com.ecommerce.tests.DataDrivenLoginTest.testLogins(DataDrivenLoginTest.java:38)
at java.base/java.util.ArrayList.forEach(ArrayList.java:1604)
... Removed 28 stack frames]]>
    </failure>
  </testcase> <!-- testLogins -->
  <testcase classname="com.ecommerce.tests.AddToCartTest" name="testAddProductToCart" time="0.92"/>
  <testcase classname="com.ecommerce.base.BaseTest" name="@AfterSuite tearDownSuite" time="0.0">
    <ignored/>
  </testcase> <!-- @AfterSuite tearDownSuite -->
  <testcase classname="com.ecommerce.base.BaseTest" name="@AfterSuite tearDownSuite" time="0.0">
    <ignored/>
  </testcase> <!-- @AfterSuite tearDownSuite -->
  <testcase classname="com.ecommerce.base.BaseTest" name="@BeforeSuite setUpSuite" time="0.0">
    <ignored/>
  </testcase> <!-- @BeforeSuite setUpSuite -->
  <testcase classname="com.ecommerce.base.BaseTest" name="@BeforeSuite setUpSuite" time="0.0">
    <ignored/>
  </testcase> <!-- @BeforeSuite setUpSuite -->
</testsuite> <!-- Regression Tests -->
