<?xml version="1.0" encoding="UTF-8"?>
<testng-results ignored="0" total="1" passed="1" failed="0" skipped="0">
  <reporter-output>
  </reporter-output>
  <suite started-at="2026-08-29T20:13:21 IST" name="Default suite" finished-at="2026-08-29T20:13:30 IST" duration-ms="9271">
    <groups>
    </groups>
    <test started-at="2026-08-29T20:13:21 IST" name="Default test" finished-at="2026-08-29T20:13:30 IST" duration-ms="9271">
      <class name="com.ecommerce.tests.SearchTest">
        <test-method is-config="true" signature="setUpSuite()[pri:0, instance:com.ecommerce.tests.SearchTest@2f7298b]" started-at="2026-08-29T20:13:21 IST" name="setUpSuite" finished-at="2026-08-29T20:13:21 IST" duration-ms="568" status="PASS">
          <reporter-output>
          </reporter-output>
        </test-method> <!-- setUpSuite -->
        <test-method is-config="true" signature="setUp(java.lang.reflect.Method)[pri:0, instance:com.ecommerce.tests.SearchTest@2f7298b]" started-at="2026-08-29T20:13:21 IST" name="setUp" finished-at="2026-08-29T20:13:25 IST" duration-ms="3397" status="PASS">
          <params>
            <param index="0">
              <value>
                <![CDATA[public void com.ecommerce.tests.SearchTest.verifyGoogleSearch() throws java.lang.InterruptedException]]>
              </value>
            </param>
          </params>
          <reporter-output>
          </reporter-output>
        </test-method> <!-- setUp -->
        <test-method signature="verifyGoogleSearch()[pri:0, instance:com.ecommerce.tests.SearchTest@2f7298b]" started-at="2026-08-29T20:13:25 IST" name="verifyGoogleSearch" finished-at="2026-08-29T20:13:30 IST" duration-ms="5280" status="PASS">
          <reporter-output>
          </reporter-output>
        </test-method> <!-- verifyGoogleSearch -->
        <test-method is-config="true" signature="tearDown(org.testng.ITestResult)[pri:0, instance:com.ecommerce.tests.SearchTest@2f7298b]" started-at="2026-08-29T20:13:30 IST" name="tearDown" finished-at="2026-08-29T20:13:30 IST" duration-ms="507" status="PASS">
          <params>
            <param index="0">
              <value>
                <![CDATA[[TestResult name=verifyGoogleSearch status=SUCCESS method=SearchTest.verifyGoogleSearch()[pri:0, instance:com.ecommerce.tests.SearchTest@2f7298b] output={null}]]]>
              </value>
            </param>
          </params>
          <reporter-output>
          </reporter-output>
        </test-method> <!-- tearDown -->
        <test-method is-config="true" signature="tearDownSuite()[pri:0, instance:com.ecommerce.tests.SearchTest@2f7298b]" started-at="2026-08-29T20:13:30 IST" name="tearDownSuite" finished-at="2026-08-29T20:13:31 IST" duration-ms="776" status="PASS">
          <reporter-output>
          </reporter-output>
        </test-method> <!-- tearDownSuite -->
      </class> <!-- com.ecommerce.tests.SearchTest -->
    </test> <!-- Default test -->
  </suite> <!-- Default suite -->
</testng-results>
