<?xml version="1.0" encoding="UTF-8"?>
<testng-results ignored="0" total="1" passed="1" failed="0" skipped="0">
  <reporter-output>
  </reporter-output>
  <suite started-at="2026-09-03T13:33:58 IST" name="Default suite" finished-at="2026-09-03T13:34:04 IST" duration-ms="6013">
    <groups>
    </groups>
    <test started-at="2026-09-03T13:33:58 IST" name="Default test" finished-at="2026-09-03T13:34:04 IST" duration-ms="6013">
      <class name="com.ecommerce.tests.ClickTest">
        <test-method is-config="true" signature="setUp()[pri:0, instance:com.ecommerce.tests.ClickTest@6a400542]" started-at="2026-09-03T13:33:58 IST" name="setUp" finished-at="2026-09-03T13:34:00 IST" duration-ms="2650" status="PASS">
          <reporter-output>
          </reporter-output>
        </test-method> <!-- setUp -->
        <test-method signature="verifyGmailLinkClick()[pri:0, instance:com.ecommerce.tests.ClickTest@6a400542]" started-at="2026-09-03T13:34:00 IST" name="verifyGmailLinkClick" finished-at="2026-09-03T13:34:03 IST" duration-ms="3050" status="PASS">
          <reporter-output>
          </reporter-output>
        </test-method> <!-- verifyGmailLinkClick -->
        <test-method is-config="true" signature="tearDown()[pri:0, instance:com.ecommerce.tests.ClickTest@6a400542]" started-at="2026-09-03T13:34:03 IST" name="tearDown" finished-at="2026-09-03T13:34:04 IST" duration-ms="260" status="PASS">
          <reporter-output>
          </reporter-output>
        </test-method> <!-- tearDown -->
      </class> <!-- com.ecommerce.tests.ClickTest -->
    </test> <!-- Default test -->
  </suite> <!-- Default suite -->
</testng-results>
