<?xml version="1.0" encoding="UTF-8"?>
<!-- Generated by org.testng.reporters.JUnitReportReporter -->
<testsuite hostname="DESKTOP-BR7449R" failures="0" tests="3" name="com.ecommerce.tests.SearchTest" time="18.991" errors="1" timestamp="2026-09-03T22:18:53 IST" skipped="0">
  <testcase classname="com.ecommerce.tests.SearchTest" name="verifyGoogleSearch" time="3.645"/>
  <testcase classname="com.ecommerce.tests.SearchTest" name="verifyGoogleSearch" time="12.108">
    <error message="Expected condition failed: waiting for title to contain &quot;running shoes&quot;. Current title: &quot;https://www.google.com/search?q=running+shoes&amp;sca_esv=daafaa10f68735e4&amp;sxsrf=APpeQnt7Zl3D3AzIxsUQEDfepPOPR_vtjw%3A1788454118887&amp;source=hp&amp;ei=5qSZavLWNPeghvcPzu3umAs&amp;iflsig=ABILxe8AAAAAapmy9kXMjAFb4QNDlnhHSuqnjOArfDbZ&amp;sei=56SZatKqJPqkhvcPx67uoA4&quot;.
(tried for 10 seconds with 500 milliseconds interval)
Build info: version: &#039;4.48.0&#039;, revision: &#039;27f5213 27f5213055e28398a5105b7892b7a3bb2012a6ef&#039;
System info: os.name: &#039;Windows 11&#039;, os.arch: &#039;amd64&#039;, os.version: &#039;10.0&#039;, java.version: &#039;25.0.3&#039;
Driver info: org.openqa.selenium.chrome.ChromeDriver
Capabilities {acceptInsecureCerts: false, browserName: chrome, browserVersion: 151.0.7922.174, chrome: {chromedriverVersion: 151.0.7922.138 (41fa8244239..., userDataDir: C:\Users\LENOVO\AppData\Loc...}, fedcm:accounts: true, goog:chromeOptions: {debuggerAddress: localhost:61850}, goog:processID: 29024, networkConnectionEnabled: false, pageLoadStrategy: normal, platformName: windows, proxy: Proxy(), se:cdp: ws://localhost:61850/devtoo..., se:cdpVersion: 151.0.7922.174, setWindowRect: true, strictFileInteractability: false, timeouts: {implicit: 0, pageLoad: 300000, script: 30000}, unhandledPromptBehavior: dismiss and notify, webauthn:extension:credBlob: true, webauthn:extension:largeBlob: true, webauthn:extension:minPinLength: true, webauthn:extension:prf: true, webauthn:virtualAuthenticators: true}
Session ID: b31f8df41dde9177590f0a9e249b690c" type="org.openqa.selenium.TimeoutException">
      <![CDATA[org.openqa.selenium.TimeoutException: Expected condition failed: waiting for title to contain "running shoes". Current title: "https://www.google.com/search?q=running+shoes&sca_esv=daafaa10f68735e4&sxsrf=APpeQnt7Zl3D3AzIxsUQEDfepPOPR_vtjw%3A1788454118887&source=hp&ei=5qSZavLWNPeghvcPzu3umAs&iflsig=ABILxe8AAAAAapmy9kXMjAFb4QNDlnhHSuqnjOArfDbZ&sei=56SZatKqJPqkhvcPx67uoA4".
(tried for 10 seconds with 500 milliseconds interval)
Build info: version: '4.48.0', revision: '27f5213 27f5213055e28398a5105b7892b7a3bb2012a6ef'
System info: os.name: 'Windows 11', os.arch: 'amd64', os.version: '10.0', java.version: '25.0.3'
Driver info: org.openqa.selenium.chrome.ChromeDriver
Capabilities {acceptInsecureCerts: false, browserName: chrome, browserVersion: 151.0.7922.174, chrome: {chromedriverVersion: 151.0.7922.138 (41fa8244239..., userDataDir: C:\Users\LENOVO\AppData\Loc...}, fedcm:accounts: true, goog:chromeOptions: {debuggerAddress: localhost:61850}, goog:processID: 29024, networkConnectionEnabled: false, pageLoadStrategy: normal, platformName: windows, proxy: Proxy(), se:cdp: ws://localhost:61850/devtoo..., se:cdpVersion: 151.0.7922.174, setWindowRect: true, strictFileInteractability: false, timeouts: {implicit: 0, pageLoad: 300000, script: 30000}, unhandledPromptBehavior: dismiss and notify, webauthn:extension:credBlob: true, webauthn:extension:largeBlob: true, webauthn:extension:minPinLength: true, webauthn:extension:prf: true, webauthn:virtualAuthenticators: true}
Session ID: b31f8df41dde9177590f0a9e249b690c
at org.openqa.selenium.support.ui.WebDriverWait.timeoutException(WebDriverWait.java:85)
at org.openqa.selenium.support.ui.FluentWait.until(FluentWait.java:234)
at com.ecommerce.tests.SearchTest.verifyGoogleSearch(SearchTest.java:35)
at java.base/jdk.internal.reflect.DirectMethodHandleAccessor.invoke(DirectMethodHandleAccessor.java:104)
at java.base/java.lang.reflect.Method.invoke(Method.java:565)
at org.testng.internal.invokers.MethodInvocationHelper.invokeMethod(MethodInvocationHelper.java:141)
at org.testng.internal.invokers.TestInvoker.invokeMethod(TestInvoker.java:686)
at org.testng.internal.invokers.TestInvoker.invokeTestMethod(TestInvoker.java:230)
at org.testng.internal.invokers.MethodRunner.runInSequence(MethodRunner.java:63)
at org.testng.internal.invokers.TestInvoker$MethodInvocationAgent.invoke(TestInvoker.java:992)
at org.testng.internal.invokers.TestInvoker.invokeTestMethods(TestInvoker.java:203)
at org.testng.internal.invokers.TestMethodWorker.invokeTestMethods(TestMethodWorker.java:154)
at org.testng.internal.invokers.TestMethodWorker.run(TestMethodWorker.java:134)
at java.base/java.util.ArrayList.forEach(ArrayList.java:1604)
at org.testng.TestRunner.privateRun(TestRunner.java:739)
at org.testng.TestRunner.run(TestRunner.java:614)
at org.testng.SuiteRunner.runTest(SuiteRunner.java:421)
at org.testng.SuiteRunner.runSequentially(SuiteRunner.java:413)
at org.testng.SuiteRunner.privateRun(SuiteRunner.java:373)
at org.testng.SuiteRunner.run(SuiteRunner.java:312)
at org.testng.SuiteRunnerWorker.runSuite(SuiteRunnerWorker.java:52)
at org.testng.SuiteRunnerWorker.run(SuiteRunnerWorker.java:95)
at org.testng.TestNG.runSuitesSequentially(TestNG.java:1274)
at org.testng.TestNG.runSuitesLocally(TestNG.java:1208)
at org.testng.TestNG.runSuites(TestNG.java:1112)
at org.testng.TestNG.run(TestNG.java:1079)
at org.testng.remote.AbstractRemoteTestNG.run(AbstractRemoteTestNG.java:115)
at org.testng.remote.RemoteTestNG.initAndRun(RemoteTestNG.java:293)
at org.testng.remote.RemoteTestNG.main(RemoteTestNG.java:91)
]]>
    </error>
  </testcase> <!-- verifyGoogleSearch -->
  <testcase classname="com.ecommerce.tests.SearchTest" name="verifyGoogleSearch" time="3.238"/>
</testsuite> <!-- com.ecommerce.tests.SearchTest -->
